#
# There is insufficient memory for the Java Runtime Environment to continue.
# Native memory allocation (malloc) failed to allocate 32744 bytes for ChunkPool::allocate
# Possible reasons:
#   The system is out of physical RAM or swap space
#   The process is running with CompressedOops enabled, and the Java Heap may be blocking the growth of the native heap
# Possible solutions:
#   Reduce memory load on the system
#   Increase physical memory or swap space
#   Check if swap backing store is full
#   Decrease Java heap size (-Xmx/-Xms)
#   Decrease number of Java threads
#   Decrease Java thread stack sizes (-Xss)
#   Set larger code cache with -XX:ReservedCodeCacheSize=
#   JVM is running with Unscaled Compressed Oops mode in which the Java heap is
#     placed in the first 4GB address space. The Java Heap base address is the
#     maximum limit for the native heap growth. Please use -XX:HeapBaseMinAddress
#     to set the Java Heap base and to place the Java Heap above 4GB virtual address.
# This output file may be truncated or incomplete.
#
#  Out of Memory Error (allocation.cpp:272), pid=14792, tid=0x0000000000006200
#
# JRE version: Java(TM) SE Runtime Environment (8.0_202-b08) (build 1.8.0_202-b08)
# Java VM: Java HotSpot(TM) 64-Bit Server VM (25.202-b08 mixed mode windows-amd64 compressed oops)
# Failed to write core dump. Minidumps are not enabled by default on client versions of Windows
#

---------------  T H R E A D  ---------------

Current thread (0x000000001539c800):  JavaThread "C2 CompilerThread0" daemon [_thread_in_native, id=25088, stack(0x00000000169f0000,0x0000000016af0000)]

Stack: [0x00000000169f0000,0x0000000016af0000]
[error occurred during error reporting (printing stack bounds), id 0xc0000005]

Native frames: (J=compiled Java code, j=interpreted, Vv=VM code, C=native code)


Current CompileTask:
C2:  63757 1890       4       java.net.URLStreamHandler::parseURL (1193 bytes)


---------------  P R O C E S S  ---------------

Java Threads: ( => current thread )
  0x00000000181c3800 JavaThread "Okio Watchdog" daemon [_thread_blocked, id=18404, stack(0x000000001a000000,0x000000001a100000)]
  0x0000000018159800 JavaThread "OkHttp ConnectionPool" daemon [_thread_blocked, id=24716, stack(0x0000000019f00000,0x000000001a000000)]
  0x0000000018251000 JavaThread "Exec Stream Pumper" daemon [_thread_in_native, id=17088, stack(0x0000000019900000,0x0000000019a00000)]
  0x000000001839b000 JavaThread "Exec Stream Pumper" daemon [_thread_in_native, id=25016, stack(0x0000000019800000,0x0000000019900000)]
  0x000000001839c800 JavaThread "UrlChecker-2" daemon [_thread_blocked, id=25244, stack(0x0000000019700000,0x0000000019800000)]
  0x000000001839a000 JavaThread "Exec Default Executor" daemon [_thread_in_native, id=21744, stack(0x0000000019600000,0x0000000019700000)]
  0x00000000175d8000 JavaThread "ReaderThread" [_thread_in_native, id=5528, stack(0x0000000017f30000,0x0000000018030000)]
  0x0000000016c1c000 JavaThread "Service Thread" daemon [_thread_blocked, id=24172, stack(0x00000000170f0000,0x00000000171f0000)]
  0x0000000016bf8800 JavaThread "C1 CompilerThread2" daemon [_thread_blocked, id=20056, stack(0x0000000016ff0000,0x00000000170f0000)]
  0x00000000153d4000 JavaThread "C2 CompilerThread1" daemon [_thread_in_native, id=19800, stack(0x0000000016af0000,0x0000000016bf0000)]
=>0x000000001539c800 JavaThread "C2 CompilerThread0" daemon [_thread_in_native, id=25088, stack(0x00000000169f0000,0x0000000016af0000)]
  0x000000001539a800 JavaThread "Attach Listener" daemon [_thread_blocked, id=9416, stack(0x00000000168f0000,0x00000000169f0000)]
  0x0000000015399800 JavaThread "Signal Dispatcher" daemon [_thread_blocked, id=4732, stack(0x00000000167f0000,0x00000000168f0000)]
  0x0000000002d8d000 JavaThread "Finalizer" daemon [_thread_blocked, id=20280, stack(0x00000000165f0000,0x00000000166f0000)]
  0x0000000002d84000 JavaThread "Reference Handler" daemon [_thread_blocked, id=11576, stack(0x00000000164f0000,0x00000000165f0000)]
  0x0000000002c93800 JavaThread "main" [_thread_blocked, id=23300, stack(0x0000000002b90000,0x0000000002c90000)]

Other Threads:
  0x0000000015357800 VMThread [stack: 0x00000000163f0000,0x00000000164f0000] [id=10824]
  0x0000000016c36000 WatcherThread [stack: 0x00000000171f0000,0x00000000172f0000] [id=24992]

VM state:at safepoint (normal execution)

VM Mutex/Monitor currently owned by a thread:  ([mutex/lock_event])
[0x0000000002c90950] Threads_lock - owner thread: 0x0000000015357800
[0x0000000002c902d0] Heap_lock - owner thread: 0x0000000002c93800

heap address: 0x00000000c1600000, size: 1002 MB, Compressed Oops mode: 32-bit
Narrow klass base: 0x0000000000000000, Narrow klass shift: 3
Compressed class space size: 1073741824 Address: 0x0000000100000000

Heap:
 PSYoungGen      total 18944K, used 2544K [0x00000000eb200000, 0x00000000ec700000, 0x0000000100000000)
  eden space 16384K, 0% used [0x00000000eb200000,0x00000000eb200000,0x00000000ec200000)
  from space 2560K, 99% used [0x00000000ec480000,0x00000000ec6fc040,0x00000000ec700000)
  to   space 2560K, 0% used [0x00000000ec200000,0x00000000ec200000,0x00000000ec480000)
 ParOldGen       total 44032K, used 10153K [0x00000000c1600000, 0x00000000c4100000, 0x00000000eb200000)
  object space 44032K, 23% used [0x00000000c1600000,0x00000000c1fea6c8,0x00000000c4100000)
 Metaspace       used 20236K, capacity 21192K, committed 21248K, reserved 1067008K
  class space    used 2523K, capacity 2788K, committed 2816K, reserved 1048576K

Card table byte_map: [0x0000000012150000,0x0000000012350000] byte_map_base: 0x0000000011b45000

Marking Bits: (ParMarkBitMap*) 0x00000000618d5ce0
 Begin Bits: [0x00000000128a0000, 0x0000000013848000)
 End Bits:   [0x0000000013848000, 0x00000000147f0000)

Polling page: 0x0000000000ee0000

CodeCache: size=245760Kb used=6299Kb max_used=6299Kb free=239460Kb
 bounds [0x0000000002d90000, 0x00000000033c0000, 0x0000000011d90000]
 total_blobs=2325 nmethods=1889 adapters=348
 compilation: enabled

Compilation events (10 events):
Event: 63.313 Thread 0x0000000016bf8800 1886       3       java.util.ArrayList::spliterator (12 bytes)
Event: 63.314 Thread 0x0000000016bf8800 nmethod 1886 0x00000000033b5c50 code [0x00000000033b5dc0, 0x00000000033b6050]
Event: 63.314 Thread 0x0000000016bf8800 1887       3       java.util.ArrayList$ArrayListSpliterator::<init> (26 bytes)
Event: 63.314 Thread 0x0000000016bf8800 nmethod 1887 0x00000000033b5890 code [0x00000000033b59e0, 0x00000000033b5bb0]
Event: 63.314 Thread 0x0000000016bf8800 1888       1       com.aventstack.extentreports.configuration.Config::getKey (5 bytes)
Event: 63.314 Thread 0x0000000016bf8800 nmethod 1888 0x00000000033b2010 code [0x00000000033b2160, 0x00000000033b2270]
Event: 63.382 Thread 0x0000000016bf8800 1889       3       sun.reflect.Reflection::quickCheckMemberAccess (10 bytes)
Event: 63.383 Thread 0x0000000016bf8800 nmethod 1889 0x00000000033b5450 code [0x00000000033b55c0, 0x00000000033b57e8]
Event: 63.618 Thread 0x000000001539c800 1890       4       java.net.URLStreamHandler::parseURL (1193 bytes)
Event: 63.618 Thread 0x00000000153d4000 1891       4       sun.net.www.protocol.file.Handler::parseURL (18 bytes)

GC Heap History (10 events):
Event: 2.356 GC heap before
{Heap before GC invocations=1 (full 0):
 PSYoungGen      total 18944K, used 16384K [0x00000000eb200000, 0x00000000ec700000, 0x0000000100000000)
  eden space 16384K, 100% used [0x00000000eb200000,0x00000000ec200000,0x00000000ec200000)
  from space 2560K, 0% used [0x00000000ec480000,0x00000000ec480000,0x00000000ec700000)
  to   space 2560K, 0% used [0x00000000ec200000,0x00000000ec200000,0x00000000ec480000)
 ParOldGen       total 44032K, used 0K [0x00000000c1600000, 0x00000000c4100000, 0x00000000eb200000)
  object space 44032K, 0% used [0x00000000c1600000,0x00000000c1600000,0x00000000c4100000)
 Metaspace       used 9975K, capacity 10222K, committed 10496K, reserved 1058816K
  class space    used 1160K, capacity 1259K, committed 1280K, reserved 1048576K
Event: 2.366 GC heap after
Heap after GC invocations=1 (full 0):
 PSYoungGen      total 18944K, used 2551K [0x00000000eb200000, 0x00000000ec700000, 0x0000000100000000)
  eden space 16384K, 0% used [0x00000000eb200000,0x00000000eb200000,0x00000000ec200000)
  from space 2560K, 99% used [0x00000000ec200000,0x00000000ec47df38,0x00000000ec480000)
  to   space 2560K, 0% used [0x00000000ec480000,0x00000000ec480000,0x00000000ec700000)
 ParOldGen       total 44032K, used 1609K [0x00000000c1600000, 0x00000000c4100000, 0x00000000eb200000)
  object space 44032K, 3% used [0x00000000c1600000,0x00000000c1792570,0x00000000c4100000)
 Metaspace       used 9975K, capacity 10222K, committed 10496K, reserved 1058816K
  class space    used 1160K, capacity 1259K, committed 1280K, reserved 1048576K
}
Event: 3.082 GC heap before
{Heap before GC invocations=2 (full 0):
 PSYoungGen      total 18944K, used 18935K [0x00000000eb200000, 0x00000000ec700000, 0x0000000100000000)
  eden space 16384K, 100% used [0x00000000eb200000,0x00000000ec200000,0x00000000ec200000)
  from space 2560K, 99% used [0x00000000ec200000,0x00000000ec47df38,0x00000000ec480000)
  to   space 2560K, 0% used [0x00000000ec480000,0x00000000ec480000,0x00000000ec700000)
 ParOldGen       total 44032K, used 1609K [0x00000000c1600000, 0x00000000c4100000, 0x00000000eb200000)
  object space 44032K, 3% used [0x00000000c1600000,0x00000000c1792570,0x00000000c4100000)
 Metaspace       used 14300K, capacity 14602K, committed 14848K, reserved 1062912K
  class space    used 1702K, capacity 1790K, committed 1792K, reserved 1048576K
Event: 3.094 GC heap after
Heap after GC invocations=2 (full 0):
 PSYoungGen      total 18944K, used 2528K [0x00000000eb200000, 0x00000000ec700000, 0x0000000100000000)
  eden space 16384K, 0% used [0x00000000eb200000,0x00000000eb200000,0x00000000ec200000)
  from space 2560K, 98% used [0x00000000ec480000,0x00000000ec6f8020,0x00000000ec700000)
  to   space 2560K, 0% used [0x00000000ec200000,0x00000000ec200000,0x00000000ec480000)
 ParOldGen       total 44032K, used 4115K [0x00000000c1600000, 0x00000000c4100000, 0x00000000eb200000)
  object space 44032K, 9% used [0x00000000c1600000,0x00000000c1a04e88,0x00000000c4100000)
 Metaspace       used 14300K, capacity 14602K, committed 14848K, reserved 1062912K
  class space    used 1702K, capacity 1790K, committed 1792K, reserved 1048576K
}
Event: 4.635 GC heap before
{Heap before GC invocations=3 (full 0):
 PSYoungGen      total 18944K, used 18912K [0x00000000eb200000, 0x00000000ec700000, 0x0000000100000000)
  eden space 16384K, 100% used [0x00000000eb200000,0x00000000ec200000,0x00000000ec200000)
  from space 2560K, 98% used [0x00000000ec480000,0x00000000ec6f8020,0x00000000ec700000)
  to   space 2560K, 0% used [0x00000000ec200000,0x00000000ec200000,0x00000000ec480000)
 ParOldGen       total 44032K, used 4115K [0x00000000c1600000, 0x00000000c4100000, 0x00000000eb200000)
  object space 44032K, 9% used [0x00000000c1600000,0x00000000c1a04e88,0x00000000c4100000)
 Metaspace       used 16474K, capacity 17132K, committed 17408K, reserved 1064960K
  class space    used 1999K, capacity 2186K, committed 2304K, reserved 1048576K
Event: 4.649 GC heap after
Heap after GC invocations=3 (full 0):
 PSYoungGen      total 18944K, used 2544K [0x00000000eb200000, 0x00000000ec700000, 0x0000000100000000)
  eden space 16384K, 0% used [0x00000000eb200000,0x00000000eb200000,0x00000000ec200000)
  from space 2560K, 99% used [0x00000000ec200000,0x00000000ec47c040,0x00000000ec480000)
  to   space 2560K, 0% used [0x00000000ec480000,0x00000000ec480000,0x00000000ec700000)
 ParOldGen       total 44032K, used 6535K [0x00000000c1600000, 0x00000000c4100000, 0x00000000eb200000)
  object space 44032K, 14% used [0x00000000c1600000,0x00000000c1c61c30,0x00000000c4100000)
 Metaspace       used 16474K, capacity 17132K, committed 17408K, reserved 1064960K
  class space    used 1999K, capacity 2186K, committed 2304K, reserved 1048576K
}
Event: 32.456 GC heap before
{Heap before GC invocations=4 (full 0):
 PSYoungGen      total 18944K, used 18928K [0x00000000eb200000, 0x00000000ec700000, 0x0000000100000000)
  eden space 16384K, 100% used [0x00000000eb200000,0x00000000ec200000,0x00000000ec200000)
  from space 2560K, 99% used [0x00000000ec200000,0x00000000ec47c040,0x00000000ec480000)
  to   space 2560K, 0% used [0x00000000ec480000,0x00000000ec480000,0x00000000ec700000)
 ParOldGen       total 44032K, used 6535K [0x00000000c1600000, 0x00000000c4100000, 0x00000000eb200000)
  object space 44032K, 14% used [0x00000000c1600000,0x00000000c1c61c30,0x00000000c4100000)
 Metaspace       used 19282K, capacity 20244K, committed 20352K, reserved 1067008K
  class space    used 2379K, capacity 2626K, committed 2688K, reserved 1048576K
Event: 32.472 GC heap after
Heap after GC invocations=4 (full 0):
 PSYoungGen      total 18944K, used 2544K [0x00000000eb200000, 0x00000000ec700000, 0x0000000100000000)
  eden space 16384K, 0% used [0x00000000eb200000,0x00000000eb200000,0x00000000ec200000)
  from space 2560K, 99% used [0x00000000ec480000,0x00000000ec6fc040,0x00000000ec700000)
  to   space 2560K, 0% used [0x00000000ec200000,0x00000000ec200000,0x00000000ec480000)
 ParOldGen       total 44032K, used 9075K [0x00000000c1600000, 0x00000000c4100000, 0x00000000eb200000)
  object space 44032K, 20% used [0x00000000c1600000,0x00000000c1edcf50,0x00000000c4100000)
 Metaspace       used 19282K, capacity 20244K, committed 20352K, reserved 1067008K
  class space    used 2379K, capacity 2626K, committed 2688K, reserved 1048576K
}
Event: 63.583 GC heap before
{Heap before GC invocations=5 (full 0):
 PSYoungGen      total 18944K, used 18928K [0x00000000eb200000, 0x00000000ec700000, 0x0000000100000000)
  eden space 16384K, 100% used [0x00000000eb200000,0x00000000ec200000,0x00000000ec200000)
  from space 2560K, 99% used [0x00000000ec480000,0x00000000ec6fc040,0x00000000ec700000)
  to   space 2560K, 0% used [0x00000000ec200000,0x00000000ec200000,0x00000000ec480000)
 ParOldGen       total 44032K, used 9075K [0x00000000c1600000, 0x00000000c4100000, 0x00000000eb200000)
  object space 44032K, 20% used [0x00000000c1600000,0x00000000c1edcf50,0x00000000c4100000)
 Metaspace       used 20156K, capacity 21096K, committed 21248K, reserved 1067008K
  class space    used 2510K, capacity 2756K, committed 2816K, reserved 1048576K
Event: 63.600 GC heap after
Heap after GC invocations=5 (full 0):
 PSYoungGen      total 18944K, used 2544K [0x00000000eb200000, 0x00000000ec700000, 0x0000000100000000)
  eden space 16384K, 0% used [0x00000000eb200000,0x00000000eb200000,0x00000000ec200000)
  from space 2560K, 99% used [0x00000000ec200000,0x00000000ec47c020,0x00000000ec480000)
  to   space 2560K, 0% used [0x00000000ec480000,0x00000000ec480000,0x00000000ec700000)
 ParOldGen       total 44032K, used 10032K [0x00000000c1600000, 0x00000000c4100000, 0x00000000eb200000)
  object space 44032K, 22% used [0x00000000c1600000,0x00000000c1fcc258,0x00000000c4100000)
 Metaspace       used 20156K, capacity 21096K, committed 21248K, reserved 1067008K
  class space    used 2510K, capacity 2756K, committed 2816K, reserved 1048576K
}

Deoptimization events (10 events):
Event: 4.899 Thread 0x0000000002c93800 Uncommon trap: reason=unstable_if action=reinterpret pc=0x000000000314269c method=java.util.regex.Pattern$BmpCharProperty.match(Ljava/util/regex/Matcher;ILjava/lang/CharSequence;)Z @ 34
Event: 13.518 Thread 0x0000000002c93800 Uncommon trap: reason=class_check action=maybe_recompile pc=0x00000000032b4844 method=org.openqa.selenium.json.Input.init()V @ 18
Event: 13.518 Thread 0x0000000002c93800 Uncommon trap: reason=class_check action=maybe_recompile pc=0x00000000032b4844 method=org.openqa.selenium.json.Input.init()V @ 18
Event: 13.518 Thread 0x0000000002c93800 Uncommon trap: reason=class_check action=maybe_recompile pc=0x00000000032b4844 method=org.openqa.selenium.json.Input.init()V @ 18
Event: 13.518 Thread 0x0000000002c93800 Uncommon trap: reason=class_check action=maybe_recompile pc=0x00000000032b4844 method=org.openqa.selenium.json.Input.init()V @ 18
Event: 14.058 Thread 0x0000000002c93800 Uncommon trap: reason=unstable_if action=reinterpret pc=0x00000000032afa20 method=java.util.concurrent.ConcurrentHashMap.putVal(Ljava/lang/Object;Ljava/lang/Object;Z)Ljava/lang/Object; @ 181
Event: 46.053 Thread 0x0000000002c93800 Uncommon trap: reason=bimorphic action=maybe_recompile pc=0x000000000335a7fc method=java.util.regex.Pattern$5.isSatisfiedBy(I)Z @ 5
Event: 46.053 Thread 0x0000000002c93800 Uncommon trap: reason=bimorphic action=maybe_recompile pc=0x000000000335a7fc method=java.util.regex.Pattern$5.isSatisfiedBy(I)Z @ 5
Event: 46.053 Thread 0x0000000002c93800 Uncommon trap: reason=bimorphic action=maybe_recompile pc=0x000000000335a7fc method=java.util.regex.Pattern$5.isSatisfiedBy(I)Z @ 5
Event: 46.053 Thread 0x0000000002c93800 Uncommon trap: reason=bimorphic action=maybe_recompile pc=0x000000000335a7fc method=java.util.regex.Pattern$5.isSatisfiedBy(I)Z @ 5

Classes redefined (0 events):
No events

Internal exceptions (10 events):
Event: 39.685 Thread 0x0000000002c93800 Exception <a 'java/net/SocketTimeoutException': Read timed out> (0x00000000ebc2b028) thrown at [C:\re\workspace\8-2-build-windows-amd64-cygwin\jdk8u202\12323\hotspot\src\share\vm\prims\jni.cpp, line 736]
Event: 39.761 Thread 0x0000000002c93800 Exception <a 'java/net/SocketTimeoutException': Read timed out> (0x00000000ebc42380) thrown at [C:\re\workspace\8-2-build-windows-amd64-cygwin\jdk8u202\12323\hotspot\src\share\vm\prims\jni.cpp, line 736]
Event: 40.055 Thread 0x0000000002c93800 Exception <a 'java/net/SocketTimeoutException': Read timed out> (0x00000000ebc5ac18) thrown at [C:\re\workspace\8-2-build-windows-amd64-cygwin\jdk8u202\12323\hotspot\src\share\vm\prims\jni.cpp, line 736]
Event: 40.473 Thread 0x0000000002c93800 Exception <a 'java/net/SocketTimeoutException': Read timed out> (0x00000000ebc6ec78) thrown at [C:\re\workspace\8-2-build-windows-amd64-cygwin\jdk8u202\12323\hotspot\src\share\vm\prims\jni.cpp, line 736]
Event: 40.873 Thread 0x0000000002c93800 Exception <a 'java/net/SocketTimeoutException': Read timed out> (0x00000000ebc85fc8) thrown at [C:\re\workspace\8-2-build-windows-amd64-cygwin\jdk8u202\12323\hotspot\src\share\vm\prims\jni.cpp, line 736]
Event: 46.067 Thread 0x0000000002c93800 Exception <a 'java/net/SocketTimeoutException': Read timed out> (0x00000000ebc984b0) thrown at [C:\re\workspace\8-2-build-windows-amd64-cygwin\jdk8u202\12323\hotspot\src\share\vm\prims\jni.cpp, line 736]
Event: 46.097 Thread 0x0000000002c93800 Exception <a 'java/net/SocketTimeoutException': Read timed out> (0x00000000ebcaf4c0) thrown at [C:\re\workspace\8-2-build-windows-amd64-cygwin\jdk8u202\12323\hotspot\src\share\vm\prims\jni.cpp, line 736]
Event: 51.287 Thread 0x0000000002c93800 Exception <a 'java/net/SocketTimeoutException': Read timed out> (0x00000000ebcc3700) thrown at [C:\re\workspace\8-2-build-windows-amd64-cygwin\jdk8u202\12323\hotspot\src\share\vm\prims\jni.cpp, line 736]
Event: 62.856 Thread 0x0000000002c93800 Exception <a 'java/lang/NoSuchMethodError': java.lang.Object.lambda$comparing$77a9974f$1(Ljava/util/function/Function;Ljava/lang/Object;Ljava/lang/Object;)I> (0x00000000ebd0a648) thrown at [C:\re\workspace\8-2-build-windows-amd64-cygwin\jdk8u202\12323\hot
Event: 62.878 Thread 0x0000000002c93800 Exception <a 'java/lang/reflect/InvocationTargetException'> (0x00000000ebd2bb50) thrown at [C:\re\workspace\8-2-build-windows-amd64-cygwin\jdk8u202\12323\hotspot\src\share\vm\runtime\reflection.cpp, line 1092]

Events (10 events):
Event: 63.620 loading class freemarker/core/NumberLiteral
Event: 63.620 loading class freemarker/core/NumberLiteral done
Event: 63.621 loading class freemarker/core/AndExpression
Event: 63.621 loading class freemarker/core/AndExpression done
Event: 63.622 loading class freemarker/core/NotExpression
Event: 63.622 loading class freemarker/core/NotExpression done
Event: 63.629 loading class freemarker/core/ParentheticalExpression
Event: 63.629 loading class freemarker/core/ParentheticalExpression done
Event: 63.631 loading class freemarker/core/Range
Event: 63.631 loading class freemarker/core/Range done


Dynamic libraries:
0x00007ff6a3b90000 - 0x00007ff6a3bc7000 	C:\Program Files\java\jdk1.8.0_202\bin\javaw.exe
0x00007ffee3a90000 - 0x00007ffee3c86000 	C:\WINDOWS\SYSTEM32\ntdll.dll
0x00007ffee3320000 - 0x00007ffee33dd000 	C:\WINDOWS\System32\KERNEL32.DLL
0x00007ffee1770000 - 0x00007ffee1a39000 	C:\WINDOWS\System32\KERNELBASE.dll
0x00007ffee2b50000 - 0x00007ffee2bfc000 	C:\WINDOWS\System32\ADVAPI32.dll
0x00007ffee39b0000 - 0x00007ffee3a4e000 	C:\WINDOWS\System32\msvcrt.dll
0x00007ffee2f20000 - 0x00007ffee2fbc000 	C:\WINDOWS\System32\sechost.dll
0x00007ffee36d0000 - 0x00007ffee37fb000 	C:\WINDOWS\System32\RPCRT4.dll
0x00007ffee30a0000 - 0x00007ffee3240000 	C:\WINDOWS\System32\USER32.dll
0x00007ffee1460000 - 0x00007ffee1482000 	C:\WINDOWS\System32\win32u.dll
0x00007ffee2620000 - 0x00007ffee264a000 	C:\WINDOWS\System32\GDI32.dll
0x00007ffee1490000 - 0x00007ffee1599000 	C:\WINDOWS\System32\gdi32full.dll
0x00007ffee11d0000 - 0x00007ffee126d000 	C:\WINDOWS\System32\msvcp_win.dll
0x00007ffee1670000 - 0x00007ffee1770000 	C:\WINDOWS\System32\ucrtbase.dll
0x00007ffed6c80000 - 0x00007ffed6f1b000 	C:\WINDOWS\WinSxS\amd64_microsoft.windows.common-controls_6595b64144ccf1df_6.0.19041.488_none_ca04af081b815d21\COMCTL32.dll
0x00007ffee2650000 - 0x00007ffee2680000 	C:\WINDOWS\System32\IMM32.DLL
0x00000000622f0000 - 0x00000000623c2000 	C:\Program Files\java\jdk1.8.0_202\jre\bin\msvcr100.dll
0x00000000610b0000 - 0x0000000061955000 	C:\Program Files\java\jdk1.8.0_202\jre\bin\server\jvm.dll
0x00007ffee3020000 - 0x00007ffee3028000 	C:\WINDOWS\System32\PSAPI.DLL
0x00007ffed97e0000 - 0x00007ffed9807000 	C:\WINDOWS\SYSTEM32\WINMM.dll
0x00007ffede300000 - 0x00007ffede309000 	C:\WINDOWS\SYSTEM32\WSOCK32.dll
0x00007ffed9810000 - 0x00007ffed981a000 	C:\WINDOWS\SYSTEM32\VERSION.dll
0x00007ffee25b0000 - 0x00007ffee261b000 	C:\WINDOWS\System32\WS2_32.dll
0x00007ffede2f0000 - 0x00007ffede2ff000 	C:\Program Files\java\jdk1.8.0_202\jre\bin\verify.dll
0x00007ffecd870000 - 0x00007ffecd899000 	C:\Program Files\java\jdk1.8.0_202\jre\bin\java.dll
0x00007ffecd8d0000 - 0x00007ffecd8e6000 	C:\Program Files\java\jdk1.8.0_202\jre\bin\zip.dll
0x00007ffee1e60000 - 0x00007ffee25a2000 	C:\WINDOWS\System32\SHELL32.dll
0x00007ffedf320000 - 0x00007ffedfab5000 	C:\WINDOWS\SYSTEM32\windows.storage.dll
0x00007ffee1b00000 - 0x00007ffee1e56000 	C:\WINDOWS\System32\combase.dll
0x00007ffee0b70000 - 0x00007ffee0b9c000 	C:\WINDOWS\SYSTEM32\Wldp.dll
0x00007ffee3620000 - 0x00007ffee36ce000 	C:\WINDOWS\System32\SHCORE.dll
0x00007ffee35c0000 - 0x00007ffee3615000 	C:\WINDOWS\System32\shlwapi.dll
0x00007ffee1100000 - 0x00007ffee1126000 	C:\WINDOWS\SYSTEM32\profapi.dll
0x00007ffecd840000 - 0x00007ffecd85a000 	C:\Program Files\java\jdk1.8.0_202\jre\bin\net.dll
0x00007ffed6250000 - 0x00007ffed643d000 	C:\WINDOWS\SYSTEM32\urlmon.dll
0x00007ffed5fa0000 - 0x00007ffed6250000 	C:\WINDOWS\SYSTEM32\iertutil.dll
0x00007ffee08f0000 - 0x00007ffee095a000 	C:\WINDOWS\system32\mswsock.dll
0x00007ffee0670000 - 0x00007ffee073b000 	C:\WINDOWS\SYSTEM32\DNSAPI.dll
0x00007ffee05e0000 - 0x00007ffee061b000 	C:\WINDOWS\SYSTEM32\IPHLPAPI.DLL
0x00007ffee1af0000 - 0x00007ffee1af8000 	C:\WINDOWS\System32\NSI.dll
0x00007ffed84d0000 - 0x00007ffed84da000 	C:\Windows\System32\rasadhlp.dll
0x00007ffed8510000 - 0x00007ffed858f000 	C:\WINDOWS\System32\fwpuclnt.dll
0x00007ffee1430000 - 0x00007ffee1457000 	C:\WINDOWS\System32\bcrypt.dll
0x00007ffee0ac0000 - 0x00007ffee0ad8000 	C:\WINDOWS\SYSTEM32\CRYPTSP.dll
0x00007ffee0280000 - 0x00007ffee02b4000 	C:\WINDOWS\system32\rsaenh.dll
0x00007ffee1050000 - 0x00007ffee107e000 	C:\WINDOWS\SYSTEM32\USERENV.dll
0x00007ffee15a0000 - 0x00007ffee1620000 	C:\WINDOWS\System32\bcryptprimitives.dll
0x00007ffee0ae0000 - 0x00007ffee0aec000 	C:\WINDOWS\SYSTEM32\CRYPTBASE.dll
0x00007ffeda620000 - 0x00007ffeda637000 	C:\WINDOWS\SYSTEM32\dhcpcsvc6.DLL
0x00007ffeda6f0000 - 0x00007ffeda70d000 	C:\WINDOWS\SYSTEM32\dhcpcsvc.DLL
0x00007ffecab70000 - 0x00007ffecab82000 	C:\Program Files\java\jdk1.8.0_202\jre\bin\nio.dll
0x00007ffebc690000 - 0x00007ffebc6b4000 	C:\Program Files\java\jdk1.8.0_202\jre\bin\sunec.dll
0x00007ffed70d0000 - 0x00007ffed70db000 	C:\Program Files\java\jdk1.8.0_202\jre\bin\sunmscapi.dll
0x00007ffee12d0000 - 0x00007ffee142d000 	C:\WINDOWS\System32\CRYPT32.dll
0x00007ffecd4e0000 - 0x00007ffecd4f7000 	C:\WINDOWS\system32\napinsp.dll
0x00007ffec8b30000 - 0x00007ffec8b4b000 	C:\WINDOWS\system32\pnrpnsp.dll
0x00007ffedc510000 - 0x00007ffedc525000 	C:\WINDOWS\system32\wshbth.dll
0x00007ffedbe20000 - 0x00007ffedbe3d000 	C:\WINDOWS\system32\NLAapi.dll
0x00007ffec1cc0000 - 0x00007ffec1cd2000 	C:\WINDOWS\System32\winrnr.dll

VM Arguments:
jvm_args: -ea -Dfile.encoding=Cp1252 
java_command: org.testng.remote.RemoteTestNG -serport 58198 -protocol json -d C:\jid\ProjP\test-output C:\Users\Admin\AppData\Local\Temp\testng-eclipse--1080151922\testng-customsuite.xml
java_class_path (initial): C:\eclipse\eclipse\configuration\org.eclipse.osgi\985\0\.cp\lib\testng-remote.jar;C:\jid\ProjP\target\test-classes;C:\jid\ProjP\target\classes;C:\eclipse\eclipse\plugins\org.testng_7.3.0.r202008060316.jar;C:\eclipse\eclipse\plugins\com.beust.jcommander_1.78.0.jar;C:\eclipse\eclipse\plugins\org.apache-extras.beanshell.bsh_2.0.0.b6.jar;C:\eclipse\eclipse\plugins\org.yaml.snakeyaml_1.21.0.jar;C:\eclipse\eclipse\plugins\org.junit_4.13.0.v20200204-1500.jar;C:\eclipse\eclipse\plugins\org.hamcrest.core_1.3.0.v20180420-1519.jar;C:\eclipse\eclipse\configuration\org.eclipse.osgi\966\0\.cp\lib\testng.jar;C:\Users\Admin\.m2\repository\junit\junit\4.11\junit-4.11.jar;C:\Users\Admin\.m2\repository\org\hamcrest\hamcrest-core\1.3\hamcrest-core-1.3.jar;C:\Users\Admin\.m2\repository\org\seleniumhq\selenium\selenium-java\3.141.59\selenium-java-3.141.59.jar;C:\Users\Admin\.m2\repository\org\seleniumhq\selenium\selenium-api\3.141.59\selenium-api-3.141.59.jar;C:\Users\Admin\.m2\repository\org\seleniumhq\selenium\selenium-chrome-driver\3.141.59\selenium-chrome-driver-3.141.59.jar;C:\Users\Admin\.m2\repository\org\seleniumhq\selenium\selenium-edge-driver\3.141.59\selenium-edge-driver-3.141.59.jar;C:\Users\Admin\.m2\repository\org\seleniumhq\selenium\selenium-firefox-driver\3.141.59\selenium-firefox-driver-3.141.59.jar;C:\Users\Admin\.m2\repository\org\seleniumhq\selenium\selenium-ie-driver\3.141.59\selenium-ie-driver-3.141.59.jar;C:\Users\Admin\.m2\repository\org\seleniumhq\selenium\selenium-opera-driver\3.141.59\selenium-opera-driver-3.141.59.jar;C:\Users\Admin\.m2\repository\org\seleniumhq\selenium\selenium-remote-driver\3.141.59\selenium-remote-driver-3.141.59.jar;C:\Users\Admin\.m2\repository\org\seleniumhq\selenium\selenium-safari-driver\3.141.59\selenium-safari-driver-3.141.59.jar;C:\Users\Admin\.m2\repository\org\seleniumhq\selenium\selenium-support\3.141.59\selenium-support-3.141.59.jar;C:\Users\Admin\.m2\repository\net\bytebuddy\byte-buddy\1.8.15\byte-
Launcher Type: SUN_STANDARD

Environment Variables:
JAVA_HOME=C:\Program Files\java\jdk-13.0.2
PATH=C:/Program Files/java/jdk-13.0.2/bin/server;C:/Program Files/java/jdk-13.0.2/bin;C:\Program Files\java\jdk-13.0.2\bin;C:\Program Files (x86)\Common Files\Oracle\Java\javapath;C:\WINDOWS\system32;C:\WINDOWS;C:\WINDOWS\System32\Wbem;C:\WINDOWS\System32\WindowsPowerShell\v1.0\;C:\Program Files\MATLAB\New Folder\runtime\win64;C:\Program Files\MATLAB\New Folder\bin;C:\WINDOWS\System32\OpenSSH\;C:\Program Files\Git\cmd;C:\Program Files\Git\mingw64\bin;C:\Program Files\Git\usr\bin;C:\Users\Admin\AppData\Local\Programs\Python\Python36-32;C:\Program Files (x86)\Brackets\command;C:\Drivers\chromedriver;C:\Program Files\nodejs\;C:\Users\Admin\Desktop\soapExample\axis2-1.6.2\axis2-1.6.2\bin;C:\Program Files\MySQL\MySQL Shell 8.0\bin\;C:\Users\Admin\AppData\Local\Programs\Python\Python38\Scripts\;C:\Users\Admin\AppData\Local\Programs\Python\Python38\;C:\Users\Admin\AppData\Local\Microsoft\WindowsApps;C:\Users\Admin\AppData\Local\Programs\Microsoft VS Code\bin;C:\Users\Admin\AppData\Local\Programs\Python\Python36-32;C:\Users\Admin\AppData\Local\GitHubDesktop\bin;C:\Users\Admin\AppData\Local\Microsoft\WindowsApps;C:\Maven\apache-maven-3.6.3\bin;C:\Drivers\chromedriver;C:\Users\Admin\AppData\Roaming\npm;;C:\eclipse\eclipse;
USERNAME=krish
OS=Windows_NT
PROCESSOR_IDENTIFIER=Intel64 Family 6 Model 69 Stepping 1, GenuineIntel



---------------  S Y S T E M  ---------------

OS: Windows 10.0 , 64 bit Build 19041 (10.0.19041.662)

CPU:total 4 (initial active 4) (2 cores per cpu, 2 threads per core) family 6 model 69 stepping 1, cmov, cx8, fxsr, mmx, sse, sse2, sse3, ssse3, sse4.1, sse4.2, popcnt, avx, avx2, aes, clmul, erms, lzcnt, ht, tsc, tscinvbit, bmi1, bmi2

Memory: 4k page, physical 4096180k(270336k free), swap 6656180k(312k free)

vm_info: Java HotSpot(TM) 64-Bit Server VM (25.202-b08) for windows-amd64 JRE (1.8.0_202-b08), built on Dec 15 2018 19:54:30 by "java_re" with MS VC++ 10.0 (VS2010)

time: Sat Dec 26 04:36:24 2020
timezone: India Standard Time
elapsed time: 63 seconds (0d 0h 1m 3s)

